[07:20:45] [main/INFO]: Environment: authHost='https://authserver.mojang.com', accountsHost='https://api.mojang.com', sessionHost='https://sessionserver.mojang.com', servicesHost='https://api.minecraftservices.com', name='PROD'
[07:20:46] [main/WARN]: Ambiguity between arguments [teleport, destination] and [teleport, targets] with inputs: [Player, 0123, @e, dd12be42-52a9-4a91-a8a1-11c01849e498]
[07:20:46] [main/WARN]: Ambiguity between arguments [teleport, location] and [teleport, destination] with inputs: [0.1 -0.5 .9, 0 0 0]
[07:20:46] [main/WARN]: Ambiguity between arguments [teleport, location] and [teleport, targets] with inputs: [0.1 -0.5 .9, 0 0 0]
[07:20:46] [main/WARN]: Ambiguity between arguments [teleport, targets] and [teleport, destination] with inputs: [Player, 0123, dd12be42-52a9-4a91-a8a1-11c01849e498]
[07:20:46] [main/WARN]: Ambiguity between arguments [teleport, targets, location] and [teleport, targets, destination] with inputs: [0.1 -0.5 .9, 0 0 0]
[07:20:46] [main/INFO]: Reloading ResourceManager: Default
[07:20:49] [Worker-Main-2/INFO]: Loaded 7 recipes
[07:20:49] [Worker-Main-2/INFO]: Loaded 927 advancements
[07:20:53] [Server thread/INFO]: Starting minecraft server version 1.16.5
[07:20:53] [Server thread/INFO]: Loading properties
[07:20:53] [Server thread/INFO]: Default game type: SURVIVAL
[07:20:53] [Server thread/INFO]: Generating keypair
[07:20:53] [Server thread/INFO]: Starting Minecraft server on *:25565
[07:20:54] [Server thread/INFO]: Using epoll channel type
[07:20:54] [Server thread/INFO]: Preparing level "world"
[07:20:54] [Server thread/INFO]: Preparing start region for dimension minecraft:overworld
[07:20:59] [Server thread/INFO]: Preparing spawn area: 0%
[07:20:59] [Server thread/INFO]: Preparing spawn area: 0%
[07:20:59] [Server thread/INFO]: Preparing spawn area: 0%
[07:20:59] [Server thread/INFO]: Preparing spawn area: 0%
[07:20:59] [Server thread/INFO]: Preparing spawn area: 0%
[07:20:59] [Server thread/INFO]: Preparing spawn area: 0%
[07:20:59] [Server thread/INFO]: Preparing spawn area: 0%
[07:20:59] [Server thread/INFO]: Preparing spawn area: 0%
[07:20:59] [Server thread/INFO]: Preparing spawn area: 0%
[07:20:59] [Server thread/INFO]: Preparing spawn area: 0%
[07:20:59] [Server thread/INFO]: Preparing spawn area: 0%
[07:21:00] [Server thread/INFO]: Preparing spawn area: 63%
[07:21:00] [Server thread/INFO]: Time elapsed: 6270 ms
[07:21:01] [Server thread/INFO]: Done (6.560s)! For help, type "help"
[07:33:39] [User Authenticator #1/INFO]: UUID of player Yuki2769 is 2229c4de-d374-4d36-812e-390dbd124485
[07:33:39] [Server thread/INFO]: Yuki2769[/221.35.158.40:50019] logged in with entity id 196 at (-674.5071434540786, 63.0, -184.69999998807907)
[07:33:40] [Server thread/INFO]: Yuki2769 joined the game
[07:33:42] [Server thread/WARN]: Can't keep up! Is the server overloaded? Running 2020ms or 40 ticks behind
[07:41:31] [Server thread/WARN]: Can't keep up! Is the server overloaded? Running 2051ms or 41 ticks behind
[08:10:17] [Server thread/INFO]: Yuki2769 lost connection: Disconnected
[08:10:17] [Server thread/INFO]: Yuki2769 left the game
